{"/Users/caleb/dev/rewards-web/client/src/components/Button.tsx": {"path":"/Users/caleb/dev/rewards-web/client/src/components/Button.tsx","all":false,"statementMap":{"13":{"start":{"line":14,"column":0},"end":{"line":14,"column":32}},"14":{"start":{"line":15,"column":0},"end":{"line":15,"column":10}},"15":{"start":{"line":16,"column":0},"end":{"line":16,"column":7}},"16":{"start":{"line":17,"column":0},"end":{"line":17,"column":8}},"17":{"start":{"line":18,"column":0},"end":{"line":18,"column":10}},"18":{"start":{"line":19,"column":0},"end":{"line":19,"column":16}},"19":{"start":{"line":20,"column":0},"end":{"line":20,"column":19}},"20":{"start":{"line":21,"column":0},"end":{"line":21,"column":17}},"21":{"start":{"line":22,"column":0},"end":{"line":22,"column":5}},"22":{"start":{"line":23,"column":0},"end":{"line":23,"column":13}},"23":{"start":{"line":24,"column":0},"end":{"line":24,"column":7}},"24":{"start":{"line":25,"column":0},"end":{"line":25,"column":11}},"25":{"start":{"line":26,"column":0},"end":{"line":26,"column":18}},"26":{"start":{"line":27,"column":0},"end":{"line":27,"column":25}},"27":{"start":{"line":28,"column":0},"end":{"line":28,"column":27}},"28":{"start":{"line":29,"column":0},"end":{"line":29,"column":31}},"29":{"start":{"line":30,"column":0},"end":{"line":30,"column":29}},"30":{"start":{"line":31,"column":0},"end":{"line":31,"column":23}},"32":{"start":{"line":33,"column":0},"end":{"line":33,"column":10}},"33":{"start":{"line":34,"column":0},"end":{"line":34,"column":11}},"34":{"start":{"line":35,"column":0},"end":{"line":35,"column":13}},"35":{"start":{"line":36,"column":0},"end":{"line":36,"column":38}},"36":{"start":{"line":37,"column":0},"end":{"line":37,"column":34}},"37":{"start":{"line":38,"column":0},"end":{"line":38,"column":52}},"38":{"start":{"line":39,"column":0},"end":{"line":39,"column":25}},"39":{"start":{"line":40,"column":0},"end":{"line":40,"column":17}},"40":{"start":{"line":41,"column":0},"end":{"line":41,"column":17}},"41":{"start":{"line":42,"column":0},"end":{"line":42,"column":237}},"42":{"start":{"line":43,"column":0},"end":{"line":43,"column":19}},"43":{"start":{"line":44,"column":0},"end":{"line":44,"column":13}},"44":{"start":{"line":45,"column":0},"end":{"line":45,"column":16}},"47":{"start":{"line":48,"column":0},"end":{"line":48,"column":24}},"48":{"start":{"line":49,"column":0},"end":{"line":49,"column":22}},"49":{"start":{"line":50,"column":0},"end":{"line":50,"column":13}},"51":{"start":{"line":52,"column":0},"end":{"line":52,"column":1}}},"s":{"13":2,"14":2,"15":2,"16":2,"17":2,"18":2,"19":2,"20":2,"21":2,"22":2,"23":2,"24":2,"25":2,"26":2,"27":2,"28":0,"29":0,"30":0,"32":2,"33":2,"34":2,"35":2,"36":2,"37":2,"38":2,"39":2,"40":2,"41":2,"42":2,"43":2,"44":2,"47":2,"48":2,"49":2,"51":2},"branchMap":{"0":{"type":"branch","line":14,"loc":{"start":{"line":14,"column":0},"end":{"line":52,"column":1}},"locations":[{"start":{"line":14,"column":0},"end":{"line":52,"column":1}}]},"1":{"type":"branch","line":28,"loc":{"start":{"line":28,"column":8},"end":{"line":31,"column":23}},"locations":[{"start":{"line":28,"column":8},"end":{"line":31,"column":23}}]},"2":{"type":"branch","line":36,"loc":{"start":{"line":36,"column":13},"end":{"line":36,"column":38}},"locations":[{"start":{"line":36,"column":13},"end":{"line":36,"column":38}}]},"3":{"type":"branch","line":38,"loc":{"start":{"line":38,"column":21},"end":{"line":38,"column":52}},"locations":[{"start":{"line":38,"column":21},"end":{"line":38,"column":52}}]},"4":{"type":"branch","line":48,"loc":{"start":{"line":48,"column":7},"end":{"line":48,"column":24}},"locations":[{"start":{"line":48,"column":7},"end":{"line":48,"column":24}}]}},"b":{"0":[2],"1":[0],"2":[0],"3":[0],"4":[0]},"fnMap":{"0":{"name":"Button","decl":{"start":{"line":14,"column":0},"end":{"line":52,"column":1}},"loc":{"start":{"line":14,"column":0},"end":{"line":52,"column":1}},"line":14}},"f":{"0":2}}
,"/Users/caleb/dev/rewards-web/client/src/components/FilterList.tsx": {"path":"/Users/caleb/dev/rewards-web/client/src/components/FilterList.tsx","all":false,"statementMap":{"0":{"start":{"line":1,"column":0},"end":{"line":1,"column":30}},"1":{"start":{"line":2,"column":0},"end":{"line":2,"column":32}},"2":{"start":{"line":3,"column":0},"end":{"line":3,"column":44}},"3":{"start":{"line":4,"column":0},"end":{"line":4,"column":40}},"23":{"start":{"line":24,"column":0},"end":{"line":24,"column":66}},"25":{"start":{"line":26,"column":0},"end":{"line":26,"column":73}},"26":{"start":{"line":27,"column":0},"end":{"line":27,"column":60}},"27":{"start":{"line":28,"column":0},"end":{"line":28,"column":35}},"28":{"start":{"line":29,"column":0},"end":{"line":29,"column":58}},"29":{"start":{"line":30,"column":0},"end":{"line":30,"column":17}},"30":{"start":{"line":31,"column":0},"end":{"line":31,"column":74}},"31":{"start":{"line":32,"column":0},"end":{"line":32,"column":12}},"32":{"start":{"line":33,"column":0},"end":{"line":33,"column":51}},"33":{"start":{"line":34,"column":0},"end":{"line":34,"column":7}},"34":{"start":{"line":35,"column":0},"end":{"line":35,"column":20}},"35":{"start":{"line":36,"column":0},"end":{"line":36,"column":7}},"36":{"start":{"line":37,"column":0},"end":{"line":37,"column":29}},"37":{"start":{"line":38,"column":0},"end":{"line":38,"column":4}},"39":{"start":{"line":40,"column":0},"end":{"line":40,"column":51}},"40":{"start":{"line":41,"column":0},"end":{"line":41,"column":60}},"41":{"start":{"line":42,"column":0},"end":{"line":42,"column":35}},"42":{"start":{"line":43,"column":0},"end":{"line":43,"column":43}},"43":{"start":{"line":44,"column":0},"end":{"line":44,"column":50}},"44":{"start":{"line":45,"column":0},"end":{"line":45,"column":7}},"45":{"start":{"line":46,"column":0},"end":{"line":46,"column":20}},"46":{"start":{"line":47,"column":0},"end":{"line":47,"column":7}},"47":{"start":{"line":48,"column":0},"end":{"line":48,"column":29}},"48":{"start":{"line":49,"column":0},"end":{"line":49,"column":4}},"50":{"start":{"line":51,"column":0},"end":{"line":51,"column":29}},"51":{"start":{"line":52,"column":0},"end":{"line":52,"column":60}},"52":{"start":{"line":53,"column":0},"end":{"line":53,"column":56}},"53":{"start":{"line":54,"column":0},"end":{"line":54,"column":15}},"54":{"start":{"line":55,"column":0},"end":{"line":55,"column":23}},"55":{"start":{"line":56,"column":0},"end":{"line":56,"column":10}},"56":{"start":{"line":57,"column":0},"end":{"line":57,"column":49}},"57":{"start":{"line":58,"column":0},"end":{"line":58,"column":7}},"58":{"start":{"line":59,"column":0},"end":{"line":59,"column":29}},"59":{"start":{"line":60,"column":0},"end":{"line":60,"column":4}},"61":{"start":{"line":62,"column":0},"end":{"line":62,"column":10}},"62":{"start":{"line":63,"column":0},"end":{"line":63,"column":85}},"63":{"start":{"line":64,"column":0},"end":{"line":64,"column":88}},"64":{"start":{"line":65,"column":0},"end":{"line":65,"column":34}},"65":{"start":{"line":66,"column":0},"end":{"line":66,"column":65}},"66":{"start":{"line":67,"column":0},"end":{"line":67,"column":19}},"67":{"start":{"line":68,"column":0},"end":{"line":68,"column":34}},"68":{"start":{"line":69,"column":0},"end":{"line":69,"column":53}},"69":{"start":{"line":70,"column":0},"end":{"line":70,"column":58}},"71":{"start":{"line":72,"column":0},"end":{"line":72,"column":22}},"72":{"start":{"line":73,"column":0},"end":{"line":73,"column":33}},"73":{"start":{"line":74,"column":0},"end":{"line":74,"column":31}},"74":{"start":{"line":75,"column":0},"end":{"line":75,"column":36}},"75":{"start":{"line":76,"column":0},"end":{"line":76,"column":35}},"76":{"start":{"line":77,"column":0},"end":{"line":77,"column":16}},"77":{"start":{"line":78,"column":0},"end":{"line":78,"column":62}},"78":{"start":{"line":79,"column":0},"end":{"line":79,"column":21}},"80":{"start":{"line":81,"column":0},"end":{"line":81,"column":25}},"81":{"start":{"line":82,"column":0},"end":{"line":82,"column":42}},"82":{"start":{"line":83,"column":0},"end":{"line":83,"column":53}},"83":{"start":{"line":84,"column":0},"end":{"line":84,"column":26}},"84":{"start":{"line":85,"column":0},"end":{"line":85,"column":37}},"85":{"start":{"line":86,"column":0},"end":{"line":86,"column":81}},"87":{"start":{"line":88,"column":0},"end":{"line":88,"column":28}},"88":{"start":{"line":89,"column":0},"end":{"line":89,"column":39}},"89":{"start":{"line":90,"column":0},"end":{"line":90,"column":86}},"90":{"start":{"line":91,"column":0},"end":{"line":91,"column":45}},"91":{"start":{"line":92,"column":0},"end":{"line":92,"column":39}},"92":{"start":{"line":93,"column":0},"end":{"line":93,"column":66}},"94":{"start":{"line":95,"column":0},"end":{"line":95,"column":24}},"95":{"start":{"line":96,"column":0},"end":{"line":96,"column":30}},"96":{"start":{"line":97,"column":0},"end":{"line":97,"column":43}},"97":{"start":{"line":98,"column":0},"end":{"line":98,"column":39}},"98":{"start":{"line":99,"column":0},"end":{"line":99,"column":41}},"99":{"start":{"line":100,"column":0},"end":{"line":100,"column":63}},"100":{"start":{"line":101,"column":0},"end":{"line":101,"column":24}},"101":{"start":{"line":102,"column":0},"end":{"line":102,"column":28}},"102":{"start":{"line":103,"column":0},"end":{"line":103,"column":24}},"103":{"start":{"line":104,"column":0},"end":{"line":104,"column":18}},"104":{"start":{"line":105,"column":0},"end":{"line":105,"column":21}},"105":{"start":{"line":106,"column":0},"end":{"line":106,"column":16}},"106":{"start":{"line":107,"column":0},"end":{"line":107,"column":11}},"107":{"start":{"line":108,"column":0},"end":{"line":108,"column":12}},"109":{"start":{"line":110,"column":0},"end":{"line":110,"column":70}},"110":{"start":{"line":111,"column":0},"end":{"line":111,"column":10}},"112":{"start":{"line":113,"column":0},"end":{"line":113,"column":1}}},"s":{"0":1,"1":1,"2":1,"3":1,"23":3,"25":3,"26":0,"27":0,"28":0,"29":0,"30":0,"31":0,"32":0,"33":0,"34":0,"35":0,"36":0,"37":0,"39":3,"40":1,"41":2,"42":1,"43":1,"44":1,"45":1,"46":1,"47":1,"48":1,"50":3,"51":0,"52":0,"53":0,"54":0,"55":0,"56":0,"57":0,"58":0,"59":0,"61":3,"62":3,"63":3,"64":3,"65":4,"66":4,"67":4,"68":4,"69":4,"71":4,"72":4,"73":4,"74":4,"75":4,"76":4,"77":4,"78":4,"80":4,"81":2,"82":4,"83":4,"84":4,"85":4,"87":4,"88":4,"89":4,"90":4,"91":4,"92":0,"94":4,"95":4,"96":4,"97":4,"98":4,"99":4,"100":4,"101":4,"102":4,"103":2,"104":2,"105":4,"106":3,"107":3,"109":3,"110":3,"112":3},"branchMap":{"0":{"type":"branch","line":24,"loc":{"start":{"line":24,"column":0},"end":{"line":113,"column":1}},"locations":[{"start":{"line":24,"column":0},"end":{"line":113,"column":1}}]},"1":{"type":"branch","line":40,"loc":{"start":{"line":40,"column":28},"end":{"line":49,"column":4}},"locations":[{"start":{"line":40,"column":28},"end":{"line":49,"column":4}}]},"2":{"type":"branch","line":41,"loc":{"start":{"line":41,"column":39},"end":{"line":47,"column":5}},"locations":[{"start":{"line":41,"column":39},"end":{"line":47,"column":5}}]},"3":{"type":"branch","line":42,"loc":{"start":{"line":42,"column":34},"end":{"line":46,"column":20}},"locations":[{"start":{"line":42,"column":34},"end":{"line":46,"column":20}}]},"4":{"type":"branch","line":65,"loc":{"start":{"line":65,"column":21},"end":{"line":106,"column":16}},"locations":[{"start":{"line":65,"column":21},"end":{"line":106,"column":16}}]},"5":{"type":"branch","line":78,"loc":{"start":{"line":78,"column":22},"end":{"line":78,"column":46}},"locations":[{"start":{"line":78,"column":22},"end":{"line":78,"column":46}}]},"6":{"type":"branch","line":78,"loc":{"start":{"line":78,"column":41},"end":{"line":78,"column":62}},"locations":[{"start":{"line":78,"column":41},"end":{"line":78,"column":62}}]},"7":{"type":"branch","line":81,"loc":{"start":{"line":81,"column":20},"end":{"line":104,"column":18}},"locations":[{"start":{"line":81,"column":20},"end":{"line":104,"column":18}}]},"8":{"type":"branch","line":104,"loc":{"start":{"line":104,"column":17},"end":{"line":105,"column":21}},"locations":[{"start":{"line":104,"column":17},"end":{"line":105,"column":21}}]},"9":{"type":"branch","line":70,"loc":{"start":{"line":70,"column":23},"end":{"line":70,"column":58}},"locations":[{"start":{"line":70,"column":23},"end":{"line":70,"column":58}}]},"10":{"type":"branch","line":82,"loc":{"start":{"line":82,"column":32},"end":{"line":103,"column":24}},"locations":[{"start":{"line":82,"column":32},"end":{"line":103,"column":24}}]}},"b":{"0":[3],"1":[1],"2":[2],"3":[1],"4":[4],"5":[2],"6":[2],"7":[2],"8":[2],"9":[1],"10":[4]},"fnMap":{"0":{"name":"FilterList","decl":{"start":{"line":24,"column":0},"end":{"line":113,"column":1}},"loc":{"start":{"line":24,"column":0},"end":{"line":113,"column":1}},"line":24},"1":{"name":"handleOptionChange","decl":{"start":{"line":26,"column":29},"end":{"line":38,"column":4}},"loc":{"start":{"line":26,"column":29},"end":{"line":38,"column":4}},"line":26},"2":{"name":"handleTitleChange","decl":{"start":{"line":40,"column":28},"end":{"line":49,"column":4}},"loc":{"start":{"line":40,"column":28},"end":{"line":49,"column":4}},"line":40},"3":{"name":"handleClear","decl":{"start":{"line":51,"column":22},"end":{"line":60,"column":4}},"loc":{"start":{"line":51,"column":22},"end":{"line":60,"column":4}},"line":51},"4":{"name":"onClick","decl":{"start":{"line":70,"column":23},"end":{"line":70,"column":58}},"loc":{"start":{"line":70,"column":23},"end":{"line":70,"column":58}},"line":70},"5":{"name":"onChange","decl":{"start":{"line":92,"column":34},"end":{"line":93,"column":66}},"loc":{"start":{"line":92,"column":34},"end":{"line":93,"column":66}},"line":92}},"f":{"0":3,"1":0,"2":1,"3":0,"4":1,"5":0}}
,"/Users/caleb/dev/rewards-web/client/src/components/Heading.tsx": {"path":"/Users/caleb/dev/rewards-web/client/src/components/Heading.tsx","all":false,"statementMap":{"7":{"start":{"line":8,"column":0},"end":{"line":8,"column":33}},"8":{"start":{"line":9,"column":0},"end":{"line":9,"column":10}},"9":{"start":{"line":10,"column":0},"end":{"line":10,"column":11}},"10":{"start":{"line":11,"column":0},"end":{"line":11,"column":8}},"11":{"start":{"line":12,"column":0},"end":{"line":12,"column":12}},"12":{"start":{"line":13,"column":0},"end":{"line":13,"column":11}},"13":{"start":{"line":14,"column":0},"end":{"line":14,"column":20}},"14":{"start":{"line":15,"column":0},"end":{"line":15,"column":25}},"15":{"start":{"line":16,"column":0},"end":{"line":16,"column":38}},"16":{"start":{"line":17,"column":0},"end":{"line":17,"column":39}},"17":{"start":{"line":18,"column":0},"end":{"line":18,"column":22}},"18":{"start":{"line":19,"column":0},"end":{"line":19,"column":25}},"19":{"start":{"line":20,"column":0},"end":{"line":20,"column":21}},"20":{"start":{"line":21,"column":0},"end":{"line":21,"column":28}},"21":{"start":{"line":22,"column":0},"end":{"line":22,"column":22}},"22":{"start":{"line":23,"column":0},"end":{"line":23,"column":22}},"24":{"start":{"line":25,"column":0},"end":{"line":25,"column":10}},"25":{"start":{"line":26,"column":0},"end":{"line":26,"column":7}},"26":{"start":{"line":27,"column":0},"end":{"line":27,"column":79}},"28":{"start":{"line":29,"column":0},"end":{"line":29,"column":13}},"29":{"start":{"line":30,"column":0},"end":{"line":30,"column":9}},"31":{"start":{"line":32,"column":0},"end":{"line":32,"column":1}}},"s":{"7":8,"8":8,"9":8,"10":8,"11":8,"12":8,"13":8,"14":8,"15":4,"16":4,"17":8,"18":8,"19":0,"20":8,"21":0,"22":8,"24":8,"25":8,"26":8,"28":8,"29":8,"31":8},"branchMap":{"0":{"type":"branch","line":8,"loc":{"start":{"line":8,"column":0},"end":{"line":32,"column":1}},"locations":[{"start":{"line":8,"column":0},"end":{"line":32,"column":1}}]},"1":{"type":"branch","line":15,"loc":{"start":{"line":15,"column":16},"end":{"line":16,"column":38}},"locations":[{"start":{"line":15,"column":16},"end":{"line":16,"column":38}}]},"2":{"type":"branch","line":16,"loc":{"start":{"line":16,"column":8},"end":{"line":17,"column":39}},"locations":[{"start":{"line":16,"column":8},"end":{"line":17,"column":39}}]},"3":{"type":"branch","line":19,"loc":{"start":{"line":19,"column":17},"end":{"line":20,"column":21}},"locations":[{"start":{"line":19,"column":17},"end":{"line":20,"column":21}}]},"4":{"type":"branch","line":21,"loc":{"start":{"line":21,"column":21},"end":{"line":22,"column":22}},"locations":[{"start":{"line":21,"column":21},"end":{"line":22,"column":22}}]}},"b":{"0":[8],"1":[4],"2":[4],"3":[0],"4":[0]},"fnMap":{"0":{"name":"Heading","decl":{"start":{"line":8,"column":0},"end":{"line":32,"column":1}},"loc":{"start":{"line":8,"column":0},"end":{"line":32,"column":1}},"line":8}},"f":{"0":8}}
,"/Users/caleb/dev/rewards-web/client/src/components/svg/ChevronDown.tsx": {"path":"/Users/caleb/dev/rewards-web/client/src/components/svg/ChevronDown.tsx","all":false,"statementMap":{"0":{"start":{"line":1,"column":0},"end":{"line":1,"column":39}},"1":{"start":{"line":2,"column":0},"end":{"line":2,"column":10}},"2":{"start":{"line":3,"column":0},"end":{"line":3,"column":8}},"3":{"start":{"line":4,"column":0},"end":{"line":4,"column":40}},"4":{"start":{"line":5,"column":0},"end":{"line":5,"column":17}},"5":{"start":{"line":6,"column":0},"end":{"line":6,"column":25}},"6":{"start":{"line":7,"column":0},"end":{"line":7,"column":23}},"7":{"start":{"line":8,"column":0},"end":{"line":8,"column":27}},"8":{"start":{"line":9,"column":0},"end":{"line":9,"column":40}},"10":{"start":{"line":11,"column":0},"end":{"line":11,"column":11}},"11":{"start":{"line":12,"column":0},"end":{"line":12,"column":29}},"12":{"start":{"line":13,"column":0},"end":{"line":13,"column":30}},"13":{"start":{"line":14,"column":0},"end":{"line":14,"column":38}},"14":{"start":{"line":15,"column":0},"end":{"line":15,"column":8}},"15":{"start":{"line":16,"column":0},"end":{"line":16,"column":10}},"17":{"start":{"line":18,"column":0},"end":{"line":18,"column":1}}},"s":{"0":2,"1":2,"2":2,"3":2,"4":2,"5":2,"6":2,"7":2,"8":2,"10":2,"11":2,"12":2,"13":2,"14":2,"15":2,"17":2},"branchMap":{"0":{"type":"branch","line":1,"loc":{"start":{"line":1,"column":0},"end":{"line":18,"column":1}},"locations":[{"start":{"line":1,"column":0},"end":{"line":18,"column":1}}]}},"b":{"0":[2]},"fnMap":{"0":{"name":"ChevronDown","decl":{"start":{"line":1,"column":0},"end":{"line":18,"column":1}},"loc":{"start":{"line":1,"column":0},"end":{"line":18,"column":1}},"line":1}},"f":{"0":2}}
,"/Users/caleb/dev/rewards-web/client/src/components/svg/ChevronUp.tsx": {"path":"/Users/caleb/dev/rewards-web/client/src/components/svg/ChevronUp.tsx","all":false,"statementMap":{"0":{"start":{"line":1,"column":0},"end":{"line":1,"column":39}},"1":{"start":{"line":2,"column":0},"end":{"line":2,"column":10}},"2":{"start":{"line":3,"column":0},"end":{"line":3,"column":8}},"3":{"start":{"line":4,"column":0},"end":{"line":4,"column":40}},"4":{"start":{"line":5,"column":0},"end":{"line":5,"column":17}},"5":{"start":{"line":6,"column":0},"end":{"line":6,"column":25}},"6":{"start":{"line":7,"column":0},"end":{"line":7,"column":23}},"7":{"start":{"line":8,"column":0},"end":{"line":8,"column":27}},"8":{"start":{"line":9,"column":0},"end":{"line":9,"column":40}},"10":{"start":{"line":11,"column":0},"end":{"line":11,"column":11}},"11":{"start":{"line":12,"column":0},"end":{"line":12,"column":29}},"12":{"start":{"line":13,"column":0},"end":{"line":13,"column":30}},"13":{"start":{"line":14,"column":0},"end":{"line":14,"column":38}},"14":{"start":{"line":15,"column":0},"end":{"line":15,"column":8}},"15":{"start":{"line":16,"column":0},"end":{"line":16,"column":10}},"17":{"start":{"line":18,"column":0},"end":{"line":18,"column":1}}},"s":{"0":2,"1":2,"2":2,"3":2,"4":2,"5":2,"6":2,"7":2,"8":2,"10":2,"11":2,"12":2,"13":2,"14":2,"15":2,"17":2},"branchMap":{"0":{"type":"branch","line":1,"loc":{"start":{"line":1,"column":0},"end":{"line":18,"column":1}},"locations":[{"start":{"line":1,"column":0},"end":{"line":18,"column":1}}]}},"b":{"0":[2]},"fnMap":{"0":{"name":"ChevronDown","decl":{"start":{"line":1,"column":0},"end":{"line":18,"column":1}},"loc":{"start":{"line":1,"column":0},"end":{"line":18,"column":1}},"line":1}},"f":{"0":2}}
}
